<?xml version="1.0" encoding="UTF-8"?>
<!-- Generated by org.testng.reporters.JUnitXMLReporter -->
<testsuite hostname="MacBook-Air-Ira.local" ignored="0" name="Default test" tests="3" failures="0" timestamp="17 квіт. 2018 14:43:59 GMT" time="0.781" errors="0">
  <testcase name="sortByName" time="0.017" classname="ua.lits.team3.SortingTest"/>
  <testcase name="sortByPosition" time="0.002" classname="ua.lits.team3.SortingTest"/>
  <testcase name="parseJson" time="0.717" classname="ua.lits.team3.JsonParserTest"/>
</testsuite> <!-- Default test -->
