<?xml version="1.0" encoding="UTF-8"?>
<testng-results skipped="0" failed="0" ignored="0" total="2" passed="2">
  <reporter-output>
  </reporter-output>
  <suite name="Default suite" duration-ms="41" started-at="2018-04-17T13:40:25Z" finished-at="2018-04-17T13:40:26Z">
    <groups>
    </groups>
    <test name="Default test" duration-ms="41" started-at="2018-04-17T13:40:25Z" finished-at="2018-04-17T13:40:26Z">
      <class name="ua.lits.team3.SortingTest">
        <test-method status="PASS" signature="sortByName()[pri:0, instance:ua.lits.team3.SortingTest@2a5ca609]" name="sortByName" duration-ms="13" started-at="2018-04-17T13:40:25Z" finished-at="2018-04-17T13:40:26Z">
          <reporter-output>
          </reporter-output>
        </test-method> <!-- sortByName -->
        <test-method status="PASS" signature="sortByPosition()[pri:0, instance:ua.lits.team3.SortingTest@2a5ca609]" name="sortByPosition" duration-ms="2" started-at="2018-04-17T13:40:26Z" finished-at="2018-04-17T13:40:26Z">
          <reporter-output>
          </reporter-output>
        </test-method> <!-- sortByPosition -->
      </class> <!-- ua.lits.team3.SortingTest -->
    </test> <!-- Default test -->
  </suite> <!-- Default suite -->
</testng-results>
