<?xml version="1.0" encoding="UTF-8"?>
<testng-results skipped="0" failed="0" ignored="0" total="3" passed="3">
  <reporter-output>
  </reporter-output>
  <suite name="Default suite" duration-ms="781" started-at="2018-04-17T14:43:53Z" finished-at="2018-04-17T14:43:54Z">
    <groups>
    </groups>
    <test name="Default test" duration-ms="781" started-at="2018-04-17T14:43:53Z" finished-at="2018-04-17T14:43:54Z">
      <class name="ua.lits.team3.SortingTest">
        <test-method status="PASS" signature="sortByName()[pri:0, instance:ua.lits.team3.SortingTest@7823a2f9]" name="sortByName" duration-ms="17" started-at="2018-04-17T14:43:53Z" finished-at="2018-04-17T14:43:53Z">
          <reporter-output>
          </reporter-output>
        </test-method> <!-- sortByName -->
        <test-method status="PASS" signature="sortByPosition()[pri:0, instance:ua.lits.team3.SortingTest@7823a2f9]" name="sortByPosition" duration-ms="2" started-at="2018-04-17T14:43:53Z" finished-at="2018-04-17T14:43:53Z">
          <reporter-output>
          </reporter-output>
        </test-method> <!-- sortByPosition -->
      </class> <!-- ua.lits.team3.SortingTest -->
      <class name="ua.lits.team3.JsonParserTest">
        <test-method status="PASS" signature="parseJson()[pri:0, instance:ua.lits.team3.JsonParserTest@5c7fa833]" name="parseJson" duration-ms="717" started-at="2018-04-17T14:43:53Z" finished-at="2018-04-17T14:43:54Z">
          <reporter-output>
          </reporter-output>
        </test-method> <!-- parseJson -->
      </class> <!-- ua.lits.team3.JsonParserTest -->
    </test> <!-- Default test -->
  </suite> <!-- Default suite -->
</testng-results>
